<?xml version="1.0" encoding="UTF-8" ?>
<testsuite failures="0" time="1.948" errors="0" skipped="0" tests="9" name="fi.opendemocracy.domain.PropositionOptionIntegrationTest">
  <properties>
    <property name="java.runtime.name" value="Java(TM) SE Runtime Environment"/>
    <property name="sun.boot.library.path" value="C:\Program Files\Java\jdk1.6.0_29\jre\bin"/>
    <property name="java.vm.version" value="20.4-b02"/>
    <property name="java.vm.vendor" value="Sun Microsystems Inc."/>
    <property name="java.vendor.url" value="http://java.sun.com/"/>
    <property name="path.separator" value=";"/>
    <property name="java.vm.name" value="Java HotSpot(TM) 64-Bit Server VM"/>
    <property name="file.encoding.pkg" value="sun.io"/>
    <property name="user.country" value="FI"/>
    <property name="sun.java.launcher" value="SUN_STANDARD"/>
    <property name="sun.os.patch.level" value="Service Pack 1"/>
    <property name="java.vm.specification.name" value="Java Virtual Machine Specification"/>
    <property name="user.dir" value="C:\Users\ThanE\Documents\workspace-sts-2.8.1.RELEASE\OpenDemocracy"/>
    <property name="java.runtime.version" value="1.6.0_29-b11"/>
    <property name="java.awt.graphicsenv" value="sun.awt.Win32GraphicsEnvironment"/>
    <property name="basedir" value="C:\Users\ThanE\Documents\workspace-sts-2.8.1.RELEASE\OpenDemocracy"/>
    <property name="java.endorsed.dirs" value="C:\Program Files\Java\jdk1.6.0_29\jre\lib\endorsed"/>
    <property name="os.arch" value="amd64"/>
    <property name="surefire.real.class.path" value="C:\Users\ThanE\Documents\workspace-sts-2.8.1.RELEASE\OpenDemocracy\target\surefire\surefirebooter4425845302712818325.jar"/>
    <property name="java.io.tmpdir" value="C:\Users\ThanE\AppData\Local\Temp\"/>
    <property name="line.separator" value="
"/>
    <property name="java.vm.specification.vendor" value="Sun Microsystems Inc."/>
    <property name="user.variant" value=""/>
    <property name="os.name" value="Windows 7"/>
    <property name="sun.jnu.encoding" value="Cp1252"/>
    <property name="java.library.path" value="C:\Program Files\Java\jdk1.6.0_29\jre\bin;C:\Windows\Sun\Java\bin;C:\Windows\system32;C:\Windows;C:\Program Files (x86)\Intel\Composer XE 2011 SP1\redist\ia32\tbb\vc10;C:\Program Files (x86)\Intel\Composer XE 2011 SP1\redist\intel64\tbb\vc10;C:\Program Files (x86)\Intel\Composer XE 2011 SP1\redist\intel64\ipp;C:\Program Files (x86)\Intel\Composer XE 2011 SP1\redist\ia32\ipp;C:\Program Files (x86)\Intel\Composer XE 2011 SP1\redist\intel64\mkl;C:\Program Files (x86)\Intel\Composer XE 2011 SP1\redist\ia32\mkl;C:\Program Files (x86)\Common Files\Intel\Shared Libraries\redist\intel64\mpirt;C:\Program Files (x86)\Common Files\Intel\Shared Libraries\redist\intel64\compiler;C:\Program Files (x86)\Common Files\Intel\Shared Libraries\redist\ia32\mpirt;C:\Program Files (x86)\Common Files\Intel\Shared Libraries\redist\ia32\compiler;C:\Program Files (x86)\Common Files\Intel\Shared Libraries\redist\intel64\compiler;C:\Program Files (x86)\Common Files\Intel\Shared Libraries\redist\ia32\compiler;C:\Program Files\Common Files\Microsoft Shared\Windows Live;C:\Program Files (x86)\Common Files\Microsoft Shared\Windows Live;C:\Program Files\copasi.org\COPASI 4.7.34\bin;C:\java\apache-maven-3.0.3\bin;C:\Program Files (x86)\MiKTeX 2.9\miktex\bin;C:\Windows\system32;C:\Windows;C:\Windows\System32\Wbem;C:\Windows\System32\WindowsPowerShell\v1.0\;C:\Program Files (x86)\Git\cmd;C:\Program Files (x86)\Git\bin;C:\Program Files (x86)\Windows Live\Shared;C:\Program Files\MATLAB\R2011b\runtime\win64;C:\Program Files\MATLAB\R2011b\bin;c:\Program Files (x86)\Microsoft SQL Server\100\Tools\Binn\;c:\Program Files\Microsoft SQL Server\100\Tools\Binn\;c:\Program Files\Microsoft SQL Server\100\DTS\Binn\;C:\Program Files (x86)\CMake 2.8\bin;C:\Program Files (x86)\Intel\CilkTools\bin\;C:\Program Files (x86)\OpenVPN\bin;."/>
    <property name="surefire.test.class.path" value="C:\Users\ThanE\Documents\workspace-sts-2.8.1.RELEASE\OpenDemocracy\target\test-classes;C:\Users\ThanE\Documents\workspace-sts-2.8.1.RELEASE\OpenDemocracy\target\classes;C:\Users\ThanE\.m2\repository\junit\junit\4.8.2\junit-4.8.2.jar;C:\Users\ThanE\.m2\repository\log4j\log4j\1.2.16\log4j-1.2.16.jar;C:\Users\ThanE\.m2\repository\org\slf4j\slf4j-api\1.6.1\slf4j-api-1.6.1.jar;C:\Users\ThanE\.m2\repository\org\slf4j\jcl-over-slf4j\1.6.1\jcl-over-slf4j-1.6.1.jar;C:\Users\ThanE\.m2\repository\org\slf4j\slf4j-log4j12\1.6.1\slf4j-log4j12-1.6.1.jar;C:\Users\ThanE\.m2\repository\org\aspectj\aspectjrt\1.6.11\aspectjrt-1.6.11.jar;C:\Users\ThanE\.m2\repository\org\aspectj\aspectjweaver\1.6.11\aspectjweaver-1.6.11.jar;C:\Users\ThanE\.m2\repository\javax\servlet\servlet-api\2.5\servlet-api-2.5.jar;C:\Users\ThanE\.m2\repository\net\sf\flexjson\flexjson\2.1\flexjson-2.1.jar;C:\Users\ThanE\.m2\repository\org\springframework\roo\org.springframework.roo.annotations\1.1.5.RELEASE\org.springframework.roo.annotations-1.1.5.RELEASE.jar;C:\Users\ThanE\.m2\repository\org\springframework\spring-core\3.0.5.RELEASE\spring-core-3.0.5.RELEASE.jar;C:\Users\ThanE\.m2\repository\org\springframework\spring-asm\3.0.5.RELEASE\spring-asm-3.0.5.RELEASE.jar;C:\Users\ThanE\.m2\repository\org\springframework\spring-test\3.0.5.RELEASE\spring-test-3.0.5.RELEASE.jar;C:\Users\ThanE\.m2\repository\org\springframework\spring-context\3.0.5.RELEASE\spring-context-3.0.5.RELEASE.jar;C:\Users\ThanE\.m2\repository\org\springframework\spring-beans\3.0.5.RELEASE\spring-beans-3.0.5.RELEASE.jar;C:\Users\ThanE\.m2\repository\org\springframework\spring-expression\3.0.5.RELEASE\spring-expression-3.0.5.RELEASE.jar;C:\Users\ThanE\.m2\repository\org\springframework\spring-aop\3.0.5.RELEASE\spring-aop-3.0.5.RELEASE.jar;C:\Users\ThanE\.m2\repository\aopalliance\aopalliance\1.0\aopalliance-1.0.jar;C:\Users\ThanE\.m2\repository\org\springframework\spring-aspects\3.0.5.RELEASE\spring-aspects-3.0.5.RELEASE.jar;C:\Users\ThanE\.m2\repository\org\springframework\spring-context-support\3.0.5.RELEASE\spring-context-support-3.0.5.RELEASE.jar;C:\Users\ThanE\.m2\repository\org\springframework\spring-tx\3.0.5.RELEASE\spring-tx-3.0.5.RELEASE.jar;C:\Users\ThanE\.m2\repository\mysql\mysql-connector-java\5.1.13\mysql-connector-java-5.1.13.jar;C:\Users\ThanE\.m2\repository\org\eclipse\persistence\eclipselink\2.2.0\eclipselink-2.2.0.jar;C:\Users\ThanE\.m2\repository\org\eclipse\persistence\javax.persistence\2.0.3\javax.persistence-2.0.3.jar;C:\Users\ThanE\.m2\repository\org\hibernate\hibernate-validator\4.1.0.Final\hibernate-validator-4.1.0.Final.jar;C:\Users\ThanE\.m2\repository\javax\validation\validation-api\1.0.0.GA\validation-api-1.0.0.GA.jar;C:\Users\ThanE\.m2\repository\cglib\cglib-nodep\2.2\cglib-nodep-2.2.jar;C:\Users\ThanE\.m2\repository\javax\transaction\jta\1.1\jta-1.1.jar;C:\Users\ThanE\.m2\repository\org\springframework\spring-jdbc\3.0.5.RELEASE\spring-jdbc-3.0.5.RELEASE.jar;C:\Users\ThanE\.m2\repository\org\springframework\spring-orm\3.0.5.RELEASE\spring-orm-3.0.5.RELEASE.jar;C:\Users\ThanE\.m2\repository\commons-pool\commons-pool\1.5.4\commons-pool-1.5.4.jar;C:\Users\ThanE\.m2\repository\commons-dbcp\commons-dbcp\1.3\commons-dbcp-1.3.jar;"/>
    <property name="java.specification.name" value="Java Platform API Specification"/>
    <property name="java.class.version" value="50.0"/>
    <property name="sun.management.compiler" value="HotSpot 64-Bit Tiered Compilers"/>
    <property name="os.version" value="6.1"/>
    <property name="user.home" value="C:\Users\ThanE"/>
    <property name="user.timezone" value="Europe/Helsinki"/>
    <property name="java.awt.printerjob" value="sun.awt.windows.WPrinterJob"/>
    <property name="java.specification.version" value="1.6"/>
    <property name="file.encoding" value="Cp1252"/>
    <property name="user.name" value="ThanE"/>
    <property name="java.class.path" value="C:\Users\ThanE\Documents\workspace-sts-2.8.1.RELEASE\OpenDemocracy\target\test-classes;C:\Users\ThanE\Documents\workspace-sts-2.8.1.RELEASE\OpenDemocracy\target\classes;C:\Users\ThanE\.m2\repository\junit\junit\4.8.2\junit-4.8.2.jar;C:\Users\ThanE\.m2\repository\log4j\log4j\1.2.16\log4j-1.2.16.jar;C:\Users\ThanE\.m2\repository\org\slf4j\slf4j-api\1.6.1\slf4j-api-1.6.1.jar;C:\Users\ThanE\.m2\repository\org\slf4j\jcl-over-slf4j\1.6.1\jcl-over-slf4j-1.6.1.jar;C:\Users\ThanE\.m2\repository\org\slf4j\slf4j-log4j12\1.6.1\slf4j-log4j12-1.6.1.jar;C:\Users\ThanE\.m2\repository\org\aspectj\aspectjrt\1.6.11\aspectjrt-1.6.11.jar;C:\Users\ThanE\.m2\repository\org\aspectj\aspectjweaver\1.6.11\aspectjweaver-1.6.11.jar;C:\Users\ThanE\.m2\repository\javax\servlet\servlet-api\2.5\servlet-api-2.5.jar;C:\Users\ThanE\.m2\repository\net\sf\flexjson\flexjson\2.1\flexjson-2.1.jar;C:\Users\ThanE\.m2\repository\org\springframework\roo\org.springframework.roo.annotations\1.1.5.RELEASE\org.springframework.roo.annotations-1.1.5.RELEASE.jar;C:\Users\ThanE\.m2\repository\org\springframework\spring-core\3.0.5.RELEASE\spring-core-3.0.5.RELEASE.jar;C:\Users\ThanE\.m2\repository\org\springframework\spring-asm\3.0.5.RELEASE\spring-asm-3.0.5.RELEASE.jar;C:\Users\ThanE\.m2\repository\org\springframework\spring-test\3.0.5.RELEASE\spring-test-3.0.5.RELEASE.jar;C:\Users\ThanE\.m2\repository\org\springframework\spring-context\3.0.5.RELEASE\spring-context-3.0.5.RELEASE.jar;C:\Users\ThanE\.m2\repository\org\springframework\spring-beans\3.0.5.RELEASE\spring-beans-3.0.5.RELEASE.jar;C:\Users\ThanE\.m2\repository\org\springframework\spring-expression\3.0.5.RELEASE\spring-expression-3.0.5.RELEASE.jar;C:\Users\ThanE\.m2\repository\org\springframework\spring-aop\3.0.5.RELEASE\spring-aop-3.0.5.RELEASE.jar;C:\Users\ThanE\.m2\repository\aopalliance\aopalliance\1.0\aopalliance-1.0.jar;C:\Users\ThanE\.m2\repository\org\springframework\spring-aspects\3.0.5.RELEASE\spring-aspects-3.0.5.RELEASE.jar;C:\Users\ThanE\.m2\repository\org\springframework\spring-context-support\3.0.5.RELEASE\spring-context-support-3.0.5.RELEASE.jar;C:\Users\ThanE\.m2\repository\org\springframework\spring-tx\3.0.5.RELEASE\spring-tx-3.0.5.RELEASE.jar;C:\Users\ThanE\.m2\repository\mysql\mysql-connector-java\5.1.13\mysql-connector-java-5.1.13.jar;C:\Users\ThanE\.m2\repository\org\eclipse\persistence\eclipselink\2.2.0\eclipselink-2.2.0.jar;C:\Users\ThanE\.m2\repository\org\eclipse\persistence\javax.persistence\2.0.3\javax.persistence-2.0.3.jar;C:\Users\ThanE\.m2\repository\org\hibernate\hibernate-validator\4.1.0.Final\hibernate-validator-4.1.0.Final.jar;C:\Users\ThanE\.m2\repository\javax\validation\validation-api\1.0.0.GA\validation-api-1.0.0.GA.jar;C:\Users\ThanE\.m2\repository\cglib\cglib-nodep\2.2\cglib-nodep-2.2.jar;C:\Users\ThanE\.m2\repository\javax\transaction\jta\1.1\jta-1.1.jar;C:\Users\ThanE\.m2\repository\org\springframework\spring-jdbc\3.0.5.RELEASE\spring-jdbc-3.0.5.RELEASE.jar;C:\Users\ThanE\.m2\repository\org\springframework\spring-orm\3.0.5.RELEASE\spring-orm-3.0.5.RELEASE.jar;C:\Users\ThanE\.m2\repository\commons-pool\commons-pool\1.5.4\commons-pool-1.5.4.jar;C:\Users\ThanE\.m2\repository\commons-dbcp\commons-dbcp\1.3\commons-dbcp-1.3.jar;"/>
    <property name="java.vm.specification.version" value="1.0"/>
    <property name="sun.arch.data.model" value="64"/>
    <property name="java.home" value="C:\Program Files\Java\jdk1.6.0_29\jre"/>
    <property name="sun.java.command" value="C:\Users\ThanE\Documents\workspace-sts-2.8.1.RELEASE\OpenDemocracy\target\surefire\surefirebooter4425845302712818325.jar C:\Users\ThanE\Documents\workspace-sts-2.8.1.RELEASE\OpenDemocracy\target\surefire\surefire3546341194632619925tmp C:\Users\ThanE\Documents\workspace-sts-2.8.1.RELEASE\OpenDemocracy\target\surefire\surefire1693647578123724240tmp"/>
    <property name="java.specification.vendor" value="Sun Microsystems Inc."/>
    <property name="user.language" value="sv"/>
    <property name="awt.toolkit" value="sun.awt.windows.WToolkit"/>
    <property name="java.vm.info" value="mixed mode"/>
    <property name="java.version" value="1.6.0_29"/>
    <property name="java.ext.dirs" value="C:\Program Files\Java\jdk1.6.0_29\jre\lib\ext;C:\Windows\Sun\Java\lib\ext"/>
    <property name="sun.boot.class.path" value="C:\Program Files\Java\jdk1.6.0_29\jre\lib\resources.jar;C:\Program Files\Java\jdk1.6.0_29\jre\lib\rt.jar;C:\Program Files\Java\jdk1.6.0_29\jre\lib\sunrsasign.jar;C:\Program Files\Java\jdk1.6.0_29\jre\lib\jsse.jar;C:\Program Files\Java\jdk1.6.0_29\jre\lib\jce.jar;C:\Program Files\Java\jdk1.6.0_29\jre\lib\charsets.jar;C:\Program Files\Java\jdk1.6.0_29\jre\lib\modules\jdk.boot.jar;C:\Program Files\Java\jdk1.6.0_29\jre\classes"/>
    <property name="java.vendor" value="Sun Microsystems Inc."/>
    <property name="localRepository" value="C:\Users\ThanE\.m2\repository"/>
    <property name="file.separator" value="\"/>
    <property name="java.vendor.url.bug" value="http://java.sun.com/cgi-bin/bugreport.cgi"/>
    <property name="sun.cpu.endian" value="little"/>
    <property name="sun.io.unicode.encoding" value="UnicodeLittle"/>
    <property name="sun.desktop" value="windows"/>
    <property name="sun.cpu.isalist" value="amd64"/>
  </properties>
  <testcase time="0.067" classname="fi.opendemocracy.domain.PropositionOptionIntegrationTest" name="testMarkerMethod"/>
  <testcase time="0.631" classname="fi.opendemocracy.domain.PropositionOptionIntegrationTest" name="testFlush"/>
  <testcase time="0.169" classname="fi.opendemocracy.domain.PropositionOptionIntegrationTest" name="testMerge"/>
  <testcase time="0.434" classname="fi.opendemocracy.domain.PropositionOptionIntegrationTest" name="testPersist"/>
  <testcase time="0.158" classname="fi.opendemocracy.domain.PropositionOptionIntegrationTest" name="testRemove"/>
  <testcase time="0.109" classname="fi.opendemocracy.domain.PropositionOptionIntegrationTest" name="testCountPropositionOptions"/>
  <testcase time="0.063" classname="fi.opendemocracy.domain.PropositionOptionIntegrationTest" name="testFindPropositionOption"/>
  <testcase time="0.156" classname="fi.opendemocracy.domain.PropositionOptionIntegrationTest" name="testFindAllPropositionOptions"/>
  <testcase time="0.156" classname="fi.opendemocracy.domain.PropositionOptionIntegrationTest" name="testFindPropositionOptionEntries"/>
</testsuite>